<?xml version="1.0" encoding="UTF-8"?>
<testsuite name="org.techilya.ecomapi-products-service.EcomapiMegaMartApplicationTests" tests="1" skipped="0" failures="0" errors="0" timestamp="2025-05-14T15:32:17" hostname="ILIYAZ" time="5.696">
  <properties/>
  <testcase name="contextLoads()" classname="org.techilya.ecomapi-products-service.EcomapiMegaMartApplicationTests" time="5.696"/>
  <system-out><![CDATA[21:02:00.255 [Test worker] INFO org.springframework.test.context.support.AnnotationConfigContextLoaderUtils -- Could not detect default configuration classes for test class [org.techilya.ecomapi-products-service.EcomapiMegaMartApplicationTests]: EcomapiMegaMartApplicationTests does not declare any static, non-private, non-final, nested classes annotated with @Configuration.
21:02:00.687 [Test worker] INFO org.springframework.boot.test.context.SpringBootTestContextBootstrapper -- Found @SpringBootConfiguration org.techilya.ecomapi-products-service.EcomapiMegaMartApplication for test class org.techilya.ecomapi-products-service.EcomapiMegaMartApplicationTests

  .   ____          _            __ _ _
 /\\ / ___'_ __ _ _(_)_ __  __ _ \ \ \ \
( ( )\___ | '_ | '_| | '_ \/ _` | \ \ \ \
 \\/  ___)| |_)| | | | | || (_| |  ) ) ) )
  '  |____| .__|_| |_|_| |_\__, | / / / /
 =========|_|==============|___/=/_/_/_/

 :: Spring Boot ::                (v3.4.5)

2025-05-14T21:02:04.577+05:30  INFO 10680 --- [ecomapi-mega-mart] [    Test worker] c.i.e.EcomapiMegaMartApplicationTests    : Starting EcomapiMegaMartApplicationTests using Java 21.0.6 with PID 10680 (started by t15 in C:\Users\t15\code-spaces\code-bases\ecomapi-mega-mart)
2025-05-14T21:02:04.582+05:30  INFO 10680 --- [ecomapi-mega-mart] [    Test worker] c.i.e.EcomapiMegaMartApplicationTests    : No active profile set, falling back to 1 default profile: "default"
2025-05-14T21:02:16.489+05:30  INFO 10680 --- [ecomapi-mega-mart] [    Test worker] o.s.b.a.e.web.EndpointLinksResolver      : Exposing 1 endpoint beneath base path '/actuator'
2025-05-14T21:02:16.912+05:30  INFO 10680 --- [ecomapi-mega-mart] [    Test worker] c.i.e.EcomapiMegaMartApplicationTests    : Started EcomapiMegaMartApplicationTests in 14.922 seconds (process running for 22.955)
]]></system-out>
  <system-err><![CDATA[Mockito is currently self-attaching to enable the inline-mock-maker. This will no longer work in future releases of the JDK. Please add Mockito as an agent to your build what is described in Mockito's documentation: https://javadoc.io/doc/org.mockito/mockito-core/latest/org/mockito/Mockito.html#0.3
WARNING: A Java agent has been loaded dynamically (C:\Users\t15\.gradle\caches\modules-2\files-2.1\net.bytebuddy\byte-buddy-agent\1.15.11\a38b16385e867f59a641330f0362ebe742788ed8\byte-buddy-agent-1.15.11.jar)
WARNING: If a serviceability tool is in use, please run with -XX:+EnableDynamicAgentLoading to hide this warning
WARNING: If a serviceability tool is not in use, please run with -Djdk.instrument.traceUsage for more information
WARNING: Dynamic loading of agents will be disallowed by default in a future release
]]></system-err>
</testsuite>
